[INFO  - 2018-12-10T11:12:43.300Z] GhostDriver - Main - running on port 63499
[INFO  - 2018-12-10T11:12:46.347Z] Session [85a1c880-fc6c-11e8-b72a-4967effe90f5] - page.settings - {"XSSAuditingEnabled":false,"javascriptCanCloseWindows":true,"javascriptCanOpenWindows":true,"javascriptEnabled":true,"loadImages":true,"localToRemoteUrlAccessEnabled":false,"userAgent":"Mozilla/5.0 (Windows NT 6.2; WOW64) AppleWebKit/538.1 (KHTML, like Gecko) PhantomJS/2.1.1 Safari/538.1","webSecurityEnabled":true}
[INFO  - 2018-12-10T11:12:46.347Z] Session [85a1c880-fc6c-11e8-b72a-4967effe90f5] - page.customHeaders:  - {}
[INFO  - 2018-12-10T11:12:46.347Z] Session [85a1c880-fc6c-11e8-b72a-4967effe90f5] - Session.negotiatedCapabilities - {"browserName":"phantomjs","version":"2.1.1","driverName":"ghostdriver","driverVersion":"1.2.0","platform":"windows-10-32bit","javascriptEnabled":true,"takesScreenshot":true,"handlesAlerts":false,"databaseEnabled":false,"locationContextEnabled":false,"applicationCacheEnabled":false,"browserConnectionEnabled":false,"cssSelectorsEnabled":true,"webStorageEnabled":false,"rotatable":false,"acceptSslCerts":false,"nativeEvents":true,"proxy":{"proxyType":"direct"}}
[INFO  - 2018-12-10T11:12:46.347Z] SessionManagerReqHand - _postNewSessionCommand - New Session Created: 85a1c880-fc6c-11e8-b72a-4967effe90f5
[ERROR - 2018-12-10T11:14:51.887Z] Session [85a1c880-fc6c-11e8-b72a-4967effe90f5] - page.onError - msg: not found any creative

  phantomjs://platform/console++.js:263 in error
[ERROR - 2018-12-10T11:14:51.887Z] Session [85a1c880-fc6c-11e8-b72a-4967effe90f5] - page.onError - stack:
  success (http://g.alicdn.com/openad/dsp-front-booth/3.0.0/odv.min.js?_=1544440491502:262)

  phantomjs://platform/console++.js:263 in error
[ERROR - 2018-12-10T11:15:04.318Z] Session [85a1c880-fc6c-11e8-b72a-4967effe90f5] - page.onError - msg: TypeError: undefined is not a constructor (evaluating 'conUncorrelatedNews20()')

  phantomjs://platform/console++.js:263 in error
[ERROR - 2018-12-10T11:15:04.318Z] Session [85a1c880-fc6c-11e8-b72a-4967effe90f5] - page.onError - stack:
  (anonymous function) (http://img.gmw.cn/js/require/conMediaMain.js?_=20181112:76)
  execCb (http://img.gmw.cn/js/require.js:29)
  check (http://img.gmw.cn/js/require.js:18)
  (anonymous function) (http://img.gmw.cn/js/require.js:23)
  (anonymous function) (http://img.gmw.cn/js/require.js:8)
  (anonymous function) (http://img.gmw.cn/js/require.js:23)
  v (http://img.gmw.cn/js/require.js:7)
  emit (http://img.gmw.cn/js/require.js:23)
  check (http://img.gmw.cn/js/require.js:19)
  enable (http://img.gmw.cn/js/require.js:23)
  init (http://img.gmw.cn/js/require.js:17)
  E (http://img.gmw.cn/js/require.js:14)
  completeLoad (http://img.gmw.cn/js/require.js:28)
  onScriptLoad (http://img.gmw.cn/js/require.js:29)

  phantomjs://platform/console++.js:263 in error
[ERROR - 2018-12-10T11:15:04.340Z] Session [85a1c880-fc6c-11e8-b72a-4967effe90f5] - page.onError - msg: TypeError: undefined is not a constructor (evaluating 'showMotions()')

  phantomjs://platform/console++.js:263 in error
[ERROR - 2018-12-10T11:15:04.340Z] Session [85a1c880-fc6c-11e8-b72a-4967effe90f5] - page.onError - stack:
  (anonymous function) (http://img.gmw.cn/js/require/conMediaMain.js?_=20181112:65)
  execCb (http://img.gmw.cn/js/require.js:29)
  check (http://img.gmw.cn/js/require.js:18)
  (anonymous function) (http://img.gmw.cn/js/require.js:23)
  (anonymous function) (http://img.gmw.cn/js/require.js:8)
  (anonymous function) (http://img.gmw.cn/js/require.js:23)
  v (http://img.gmw.cn/js/require.js:7)
  emit (http://img.gmw.cn/js/require.js:23)
  check (http://img.gmw.cn/js/require.js:19)
  enable (http://img.gmw.cn/js/require.js:23)
  init (http://img.gmw.cn/js/require.js:17)
  E (http://img.gmw.cn/js/require.js:14)
  completeLoad (http://img.gmw.cn/js/require.js:28)
  onScriptLoad (http://img.gmw.cn/js/require.js:29)

  phantomjs://platform/console++.js:263 in error
[ERROR - 2018-12-10T11:15:06.002Z] Session [85a1c880-fc6c-11e8-b72a-4967effe90f5] - page.onError - msg: not found any creative

  phantomjs://platform/console++.js:263 in error
[ERROR - 2018-12-10T11:15:06.003Z] Session [85a1c880-fc6c-11e8-b72a-4967effe90f5] - page.onError - stack:
  success (http://g.alicdn.com/openad/dsp-front-booth/3.0.0/odv.min.js?_=1544440504316:262)

  phantomjs://platform/console++.js:263 in error
[ERROR - 2018-12-10T11:15:17.139Z] Session [85a1c880-fc6c-11e8-b72a-4967effe90f5] - page.onError - msg: TypeError: undefined is not a constructor (evaluating 'txw({})')

  phantomjs://platform/console++.js:263 in error
[ERROR - 2018-12-10T11:15:17.139Z] Session [85a1c880-fc6c-11e8-b72a-4967effe90f5] - page.onError - stack:
  (anonymous function) (http://img.gmw.cn/js/require/conMediaMain.js?_=20181112:41)
  execCb (http://img.gmw.cn/js/require.js:29)
  check (http://img.gmw.cn/js/require.js:18)
  (anonymous function) (http://img.gmw.cn/js/require.js:23)
  (anonymous function) (http://img.gmw.cn/js/require.js:8)
  (anonymous function) (http://img.gmw.cn/js/require.js:23)
  v (http://img.gmw.cn/js/require.js:7)
  emit (http://img.gmw.cn/js/require.js:23)
  check (http://img.gmw.cn/js/require.js:19)
  enable (http://img.gmw.cn/js/require.js:23)
  init (http://img.gmw.cn/js/require.js:17)
  E (http://img.gmw.cn/js/require.js:14)
  completeLoad (http://img.gmw.cn/js/require.js:28)
  onScriptLoad (http://img.gmw.cn/js/require.js:29)

  phantomjs://platform/console++.js:263 in error
[ERROR - 2018-12-10T11:15:17.333Z] Session [85a1c880-fc6c-11e8-b72a-4967effe90f5] - page.onError - msg: not found any creative

  phantomjs://platform/console++.js:263 in error
[ERROR - 2018-12-10T11:15:17.333Z] Session [85a1c880-fc6c-11e8-b72a-4967effe90f5] - page.onError - stack:
  success (http://g.alicdn.com/openad/dsp-front-booth/3.0.0/odv.min.js?_=1544440516974:262)

  phantomjs://platform/console++.js:263 in error
[ERROR - 2018-12-10T11:15:17.529Z] Session [85a1c880-fc6c-11e8-b72a-4967effe90f5] - page.onError - msg: TypeError: undefined is not a constructor (evaluating 'callback(window._oaBt)')

  phantomjs://platform/console++.js:263 in error
[ERROR - 2018-12-10T11:15:17.529Z] Session [85a1c880-fc6c-11e8-b72a-4967effe90f5] - page.onError - stack:
  (anonymous function) (http://yangsheng.gmw.cn/require/mod/aliad.mod.js?_=data_1544440516513:11)
  o (http://img.gmw.cn/js/jquery.js:2)
  fireWith (http://img.gmw.cn/js/jquery.js:2)
  w (http://img.gmw.cn/js/jquery.js:4)
  onreadystatechange (http://img.gmw.cn/js/jquery.js:4)

  phantomjs://platform/console++.js:263 in error
[ERROR - 2018-12-10T11:15:18.179Z] Session [85a1c880-fc6c-11e8-b72a-4967effe90f5] - page.onError - msg: TypeError: undefined is not a constructor (evaluating 'txw({})')

  phantomjs://platform/console++.js:263 in error
[ERROR - 2018-12-10T11:15:18.180Z] Session [85a1c880-fc6c-11e8-b72a-4967effe90f5] - page.onError - stack:
  (anonymous function) (http://img.gmw.cn/js/require/conMediaMain.js?_=20181112:41)
  execCb (http://img.gmw.cn/js/require.js:29)
  check (http://img.gmw.cn/js/require.js:18)
  (anonymous function) (http://img.gmw.cn/js/require.js:23)
  (anonymous function) (http://img.gmw.cn/js/require.js:8)
  (anonymous function) (http://img.gmw.cn/js/require.js:23)
  v (http://img.gmw.cn/js/require.js:7)
  emit (http://img.gmw.cn/js/require.js:23)
  check (http://img.gmw.cn/js/require.js:19)
  enable (http://img.gmw.cn/js/require.js:23)
  init (http://img.gmw.cn/js/require.js:17)
  E (http://img.gmw.cn/js/require.js:14)
  completeLoad (http://img.gmw.cn/js/require.js:28)
  onScriptLoad (http://img.gmw.cn/js/require.js:29)

  phantomjs://platform/console++.js:263 in error
[ERROR - 2018-12-10T11:15:18.198Z] Session [85a1c880-fc6c-11e8-b72a-4967effe90f5] - page.onError - msg: TypeError: undefined is not a constructor (evaluating 'conUncorrelatedNews20()')

  phantomjs://platform/console++.js:263 in error
[ERROR - 2018-12-10T11:15:18.198Z] Session [85a1c880-fc6c-11e8-b72a-4967effe90f5] - page.onError - stack:
  (anonymous function) (http://img.gmw.cn/js/require/conMediaMain.js?_=20181112:76)
  execCb (http://img.gmw.cn/js/require.js:29)
  check (http://img.gmw.cn/js/require.js:18)
  (anonymous function) (http://img.gmw.cn/js/require.js:23)
  (anonymous function) (http://img.gmw.cn/js/require.js:8)
  (anonymous function) (http://img.gmw.cn/js/require.js:23)
  v (http://img.gmw.cn/js/require.js:7)
  emit (http://img.gmw.cn/js/require.js:23)
  check (http://img.gmw.cn/js/require.js:19)
  enable (http://img.gmw.cn/js/require.js:23)
  init (http://img.gmw.cn/js/require.js:17)
  E (http://img.gmw.cn/js/require.js:14)
  completeLoad (http://img.gmw.cn/js/require.js:28)
  onScriptLoad (http://img.gmw.cn/js/require.js:29)

  phantomjs://platform/console++.js:263 in error
[ERROR - 2018-12-10T11:15:18.394Z] Session [85a1c880-fc6c-11e8-b72a-4967effe90f5] - page.onError - msg: TypeError: undefined is not a constructor (evaluating 'callback(window._oaBt)')

  phantomjs://platform/console++.js:263 in error
[ERROR - 2018-12-10T11:15:18.394Z] Session [85a1c880-fc6c-11e8-b72a-4967effe90f5] - page.onError - stack:
  (anonymous function) (http://yangsheng.gmw.cn/require/mod/aliad.mod.js?_=data_1544440517861:11)
  o (http://img.gmw.cn/js/jquery.js:2)
  fireWith (http://img.gmw.cn/js/jquery.js:2)
  w (http://img.gmw.cn/js/jquery.js:4)
  onreadystatechange (http://img.gmw.cn/js/jquery.js:4)

  phantomjs://platform/console++.js:263 in error
[ERROR - 2018-12-10T11:15:18.483Z] Session [85a1c880-fc6c-11e8-b72a-4967effe90f5] - page.onError - msg: not found any creative

  phantomjs://platform/console++.js:263 in error
[ERROR - 2018-12-10T11:15:18.483Z] Session [85a1c880-fc6c-11e8-b72a-4967effe90f5] - page.onError - stack:
  success (http://g.alicdn.com/openad/dsp-front-booth/3.0.0/odv.min.js?_=1544440518198:262)

  phantomjs://platform/console++.js:263 in error
[ERROR - 2018-12-10T11:15:19.918Z] Session [85a1c880-fc6c-11e8-b72a-4967effe90f5] - page.onError - msg: not found any creative

  phantomjs://platform/console++.js:263 in error
[ERROR - 2018-12-10T11:15:19.918Z] Session [85a1c880-fc6c-11e8-b72a-4967effe90f5] - page.onError - stack:
  success (http://g.alicdn.com/openad/dsp-front-booth/3.0.0/odv.min.js?_=1544440519581:262)

  phantomjs://platform/console++.js:263 in error
[ERROR - 2018-12-10T11:15:32.582Z] Session [85a1c880-fc6c-11e8-b72a-4967effe90f5] - page.onError - msg: not found any creative

  phantomjs://platform/console++.js:263 in error
[ERROR - 2018-12-10T11:15:32.582Z] Session [85a1c880-fc6c-11e8-b72a-4967effe90f5] - page.onError - stack:
  success (http://g.alicdn.com/openad/dsp-front-booth/3.0.0/odv.min.js?_=1544440531981:262)

  phantomjs://platform/console++.js:263 in error
[ERROR - 2018-12-10T11:15:33.799Z] Session [85a1c880-fc6c-11e8-b72a-4967effe90f5] - page.onError - msg: TypeError: undefined is not a constructor (evaluating 'txw({})')

  phantomjs://platform/console++.js:263 in error
[ERROR - 2018-12-10T11:15:33.799Z] Session [85a1c880-fc6c-11e8-b72a-4967effe90f5] - page.onError - stack:
  (anonymous function) (http://img.gmw.cn/js/require/conMediaMain.js?_=20181112:41)
  execCb (http://img.gmw.cn/js/require.js:29)
  check (http://img.gmw.cn/js/require.js:18)
  (anonymous function) (http://img.gmw.cn/js/require.js:23)
  (anonymous function) (http://img.gmw.cn/js/require.js:8)
  (anonymous function) (http://img.gmw.cn/js/require.js:23)
  v (http://img.gmw.cn/js/require.js:7)
  emit (http://img.gmw.cn/js/require.js:23)
  check (http://img.gmw.cn/js/require.js:19)
  enable (http://img.gmw.cn/js/require.js:23)
  init (http://img.gmw.cn/js/require.js:17)
  E (http://img.gmw.cn/js/require.js:14)
  completeLoad (http://img.gmw.cn/js/require.js:28)
  onScriptLoad (http://img.gmw.cn/js/require.js:29)

  phantomjs://platform/console++.js:263 in error
[ERROR - 2018-12-10T11:15:34.127Z] Session [85a1c880-fc6c-11e8-b72a-4967effe90f5] - page.onError - msg: not found any creative

  phantomjs://platform/console++.js:263 in error
[ERROR - 2018-12-10T11:15:34.127Z] Session [85a1c880-fc6c-11e8-b72a-4967effe90f5] - page.onError - stack:
  success (http://g.alicdn.com/openad/dsp-front-booth/3.0.0/odv.min.js?_=1544440533651:262)

  phantomjs://platform/console++.js:263 in error
[ERROR - 2018-12-10T11:15:34.175Z] Session [85a1c880-fc6c-11e8-b72a-4967effe90f5] - page.onError - msg: TypeError: undefined is not a constructor (evaluating 'callback(window._oaBt)')

  phantomjs://platform/console++.js:263 in error
[ERROR - 2018-12-10T11:15:34.175Z] Session [85a1c880-fc6c-11e8-b72a-4967effe90f5] - page.onError - stack:
  (anonymous function) (http://yangsheng.gmw.cn/require/mod/aliad.mod.js?_=data_1544440533047:11)
  o (http://img.gmw.cn/js/jquery.js:2)
  fireWith (http://img.gmw.cn/js/jquery.js:2)
  w (http://img.gmw.cn/js/jquery.js:4)
  onreadystatechange (http://img.gmw.cn/js/jquery.js:4)

  phantomjs://platform/console++.js:263 in error
[ERROR - 2018-12-10T11:15:34.882Z] Session [85a1c880-fc6c-11e8-b72a-4967effe90f5] - page.onError - msg: TypeError: undefined is not a constructor (evaluating 'txw({})')

  phantomjs://platform/console++.js:263 in error
[ERROR - 2018-12-10T11:15:34.882Z] Session [85a1c880-fc6c-11e8-b72a-4967effe90f5] - page.onError - stack:
  (anonymous function) (http://img.gmw.cn/js/require/conMediaMain.js?_=20181112:41)
  execCb (http://img.gmw.cn/js/require.js:29)
  check (http://img.gmw.cn/js/require.js:18)
  (anonymous function) (http://img.gmw.cn/js/require.js:23)
  (anonymous function) (http://img.gmw.cn/js/require.js:8)
  (anonymous function) (http://img.gmw.cn/js/require.js:23)
  v (http://img.gmw.cn/js/require.js:7)
  emit (http://img.gmw.cn/js/require.js:23)
  check (http://img.gmw.cn/js/require.js:19)
  enable (http://img.gmw.cn/js/require.js:23)
  init (http://img.gmw.cn/js/require.js:17)
  E (http://img.gmw.cn/js/require.js:14)
  completeLoad (http://img.gmw.cn/js/require.js:28)
  onScriptLoad (http://img.gmw.cn/js/require.js:29)

  phantomjs://platform/console++.js:263 in error
[ERROR - 2018-12-10T11:15:35.066Z] Session [85a1c880-fc6c-11e8-b72a-4967effe90f5] - page.onError - msg: TypeError: undefined is not a constructor (evaluating 'callback(window._oaBt)')

  phantomjs://platform/console++.js:263 in error
[ERROR - 2018-12-10T11:15:35.066Z] Session [85a1c880-fc6c-11e8-b72a-4967effe90f5] - page.onError - stack:
  (anonymous function) (http://yangsheng.gmw.cn/require/mod/aliad.mod.js?_=data_1544440534280:11)
  o (http://img.gmw.cn/js/jquery.js:2)
  fireWith (http://img.gmw.cn/js/jquery.js:2)
  w (http://img.gmw.cn/js/jquery.js:4)
  onreadystatechange (http://img.gmw.cn/js/jquery.js:4)

  phantomjs://platform/console++.js:263 in error
[ERROR - 2018-12-10T11:15:35.377Z] Session [85a1c880-fc6c-11e8-b72a-4967effe90f5] - page.onError - msg: not found any creative

  phantomjs://platform/console++.js:263 in error
[ERROR - 2018-12-10T11:15:35.377Z] Session [85a1c880-fc6c-11e8-b72a-4967effe90f5] - page.onError - stack:
  success (http://g.alicdn.com/openad/dsp-front-booth/3.0.0/odv.min.js?_=1544440534881:262)

  phantomjs://platform/console++.js:263 in error
[ERROR - 2018-12-10T11:15:37.700Z] Session [85a1c880-fc6c-11e8-b72a-4967effe90f5] - page.onError - msg: not found any creative

  phantomjs://platform/console++.js:263 in error
[ERROR - 2018-12-10T11:15:37.700Z] Session [85a1c880-fc6c-11e8-b72a-4967effe90f5] - page.onError - stack:
  success (http://g.alicdn.com/openad/dsp-front-booth/3.0.0/odv.min.js?_=1544440537480:262)

  phantomjs://platform/console++.js:263 in error
[ERROR - 2018-12-10T11:15:50.262Z] Session [85a1c880-fc6c-11e8-b72a-4967effe90f5] - page.onError - msg: not found any creative

  phantomjs://platform/console++.js:263 in error
[ERROR - 2018-12-10T11:15:50.262Z] Session [85a1c880-fc6c-11e8-b72a-4967effe90f5] - page.onError - stack:
  success (http://g.alicdn.com/openad/dsp-front-booth/3.0.0/odv.min.js?_=1544440549987:262)

  phantomjs://platform/console++.js:263 in error
[ERROR - 2018-12-10T11:15:51.252Z] Session [85a1c880-fc6c-11e8-b72a-4967effe90f5] - page.onError - msg: not found any creative

  phantomjs://platform/console++.js:263 in error
[ERROR - 2018-12-10T11:15:51.252Z] Session [85a1c880-fc6c-11e8-b72a-4967effe90f5] - page.onError - stack:
  success (http://g.alicdn.com/openad/dsp-front-booth/3.0.0/odv.min.js?_=1544440551024:262)

  phantomjs://platform/console++.js:263 in error
[ERROR - 2018-12-10T11:16:05.749Z] Session [85a1c880-fc6c-11e8-b72a-4967effe90f5] - page.onError - msg: not found any creative

  phantomjs://platform/console++.js:263 in error
[ERROR - 2018-12-10T11:16:05.749Z] Session [85a1c880-fc6c-11e8-b72a-4967effe90f5] - page.onError - stack:
  success (http://g.alicdn.com/openad/dsp-front-booth/3.0.0/odv.min.js?_=1544440565296:262)

  phantomjs://platform/console++.js:263 in error
[INFO  - 2018-12-10T11:17:43.296Z] SessionManagerReqHand - _cleanupWindowlessSessions - Asynchronous Sessions clean-up phase starting NOW
